Build started 2/28/2013 2:11:27 PM.
Project "c:\Users\jsh2\documents\visual studio 2010\Projects\OpenIMAJGrabber\OpenIMAJGrabber\OpenIMAJGrabber.vcxproj" on node 2 (build target(s)).
InitializeBuildStatus:
  Touching "x64\Debug\OpenIMAJGrabber.unsuccessfulbuild".
ClCompile:
  All outputs are up-to-date.
ManifestResourceCompile:
  All outputs are up-to-date.
Link:
  C:\Program Files\Microsoft Visual Studio 10.0\VC\bin\x86_amd64\link.exe /ERRORREPORT:PROMPT /OUT:"c:\users\jsh2\documents\visual studio 2010\Projects\OpenIMAJGrabber\x64\Debug\OpenIMAJGrabber.dll" /INCREMENTAL /NOLOGO /LIBPATH:lib/x64 videoInput.lib strmiids.lib kernel32.lib user32.lib gdi32.lib winspool.lib comdlg32.lib advapi32.lib shell32.lib ole32.lib oleaut32.lib uuid.lib odbc32.lib odbccp32.lib /MANIFEST /ManifestFile:"x64\Debug\OpenIMAJGrabber.dll.intermediate.manifest" /MANIFESTUAC:"level='asInvoker' uiAccess='false'" /DEBUG /PDB:"c:\users\jsh2\documents\visual studio 2010\Projects\OpenIMAJGrabber\x64\Debug\OpenIMAJGrabber.pdb" /SUBSYSTEM:WINDOWS /TLBID:1 /DYNAMICBASE /NXCOMPAT /IMPLIB:"c:\users\jsh2\documents\visual studio 2010\Projects\OpenIMAJGrabber\x64\Debug\OpenIMAJGrabber.lib" /MACHINE:X64 /DLL x64\Debug\OpenIMAJGrabber.dll.embed.manifest.res
  x64\Debug\OpenIMAJGrabber.obj
     Creating library c:\users\jsh2\documents\visual studio 2010\Projects\OpenIMAJGrabber\x64\Debug\OpenIMAJGrabber.lib and object c:\users\jsh2\documents\visual studio 2010\Projects\OpenIMAJGrabber\x64\Debug\OpenIMAJGrabber.exp
LINK : warning LNK4098: defaultlib 'LIBCMT' conflicts with use of other libs; use /NODEFAULTLIB:library
videoInput.lib(videoInput.obj) : warning LNK4099: PDB 'vc90.pdb' was not found with 'videoInput.lib(videoInput.obj)' or at 'c:\users\jsh2\documents\visual studio 2010\Projects\OpenIMAJGrabber\x64\Debug\vc90.pdb'; linking object as if no debug info
  OpenIMAJGrabber.vcxproj -> c:\users\jsh2\documents\visual studio 2010\Projects\OpenIMAJGrabber\x64\Debug\OpenIMAJGrabber.dll
Manifest:
  C:\Program Files\Microsoft SDKs\Windows\v7.0A\bin\mt.exe /nologo /verbose /out:"x64\Debug\OpenIMAJGrabber.dll.embed.manifest" /manifest x64\Debug\OpenIMAJGrabber.dll.intermediate.manifest
  C:\Program Files\Microsoft SDKs\Windows\v7.0A\bin\rc.exe /nologo /fo"x64\Debug\OpenIMAJGrabber.dll.embed.manifest.res" x64\Debug\OpenIMAJGrabber_manifest.rc 
LinkEmbedManifest:
  C:\Program Files\Microsoft Visual Studio 10.0\VC\bin\x86_amd64\link.exe /ERRORREPORT:PROMPT /OUT:"c:\users\jsh2\documents\visual studio 2010\Projects\OpenIMAJGrabber\x64\Debug\OpenIMAJGrabber.dll" /INCREMENTAL /NOLOGO /LIBPATH:lib/x64 videoInput.lib strmiids.lib kernel32.lib user32.lib gdi32.lib winspool.lib comdlg32.lib advapi32.lib shell32.lib ole32.lib oleaut32.lib uuid.lib odbc32.lib odbccp32.lib /MANIFEST /ManifestFile:"x64\Debug\OpenIMAJGrabber.dll.intermediate.manifest" /MANIFESTUAC:"level='asInvoker' uiAccess='false'" /DEBUG /PDB:"c:\users\jsh2\documents\visual studio 2010\Projects\OpenIMAJGrabber\x64\Debug\OpenIMAJGrabber.pdb" /SUBSYSTEM:WINDOWS /TLBID:1 /DYNAMICBASE /NXCOMPAT /IMPLIB:"c:\users\jsh2\documents\visual studio 2010\Projects\OpenIMAJGrabber\x64\Debug\OpenIMAJGrabber.lib" /MACHINE:X64 /DLL x64\Debug\OpenIMAJGrabber.dll.embed.manifest.res
  x64\Debug\OpenIMAJGrabber.obj
     Creating library c:\users\jsh2\documents\visual studio 2010\Projects\OpenIMAJGrabber\x64\Debug\OpenIMAJGrabber.lib and object c:\users\jsh2\documents\visual studio 2010\Projects\OpenIMAJGrabber\x64\Debug\OpenIMAJGrabber.exp
LINK : warning LNK4098: defaultlib 'LIBCMT' conflicts with use of other libs; use /NODEFAULTLIB:library
videoInput.lib(videoInput.obj) : warning LNK4099: PDB 'vc90.pdb' was not found with 'videoInput.lib(videoInput.obj)' or at 'c:\users\jsh2\documents\visual studio 2010\Projects\OpenIMAJGrabber\x64\Debug\vc90.pdb'; linking object as if no debug info
  OpenIMAJGrabber.vcxproj -> c:\users\jsh2\documents\visual studio 2010\Projects\OpenIMAJGrabber\x64\Debug\OpenIMAJGrabber.dll
FinalizeBuildStatus:
  Deleting file "x64\Debug\OpenIMAJGrabber.unsuccessfulbuild".
  Touching "x64\Debug\OpenIMAJGrabber.lastbuildstate".
Done Building Project "c:\Users\jsh2\documents\visual studio 2010\Projects\OpenIMAJGrabber\OpenIMAJGrabber\OpenIMAJGrabber.vcxproj" (build target(s)).

Build succeeded.

Time Elapsed 00:00:08.90
