C:\USERS\JSH2\DOCUMENTS\VISUAL STUDIO 2010\PROJECTS\OPENIMAJGRABBER\DEBUG\OPENIMAJGRABBER.DLL
c:\users\jsh2\documents\visual studio 2010\Projects\OpenIMAJGrabber\Debug\OpenIMAJGrabber.exp
C:\USERS\JSH2\DOCUMENTS\VISUAL STUDIO 2010\PROJECTS\OPENIMAJGRABBER\DEBUG\OPENIMAJGRABBER.ILK
c:\users\jsh2\documents\visual studio 2010\Projects\OpenIMAJGrabber\Debug\OpenIMAJGrabber.lib
C:\USERS\JSH2\DOCUMENTS\VISUAL STUDIO 2010\PROJECTS\OPENIMAJGRABBER\DEBUG\OPENIMAJGRABBER.PDB
c:\Users\jsh2\documents\visual studio 2010\Projects\OpenIMAJGrabber\OpenIMAJGrabber\Debug\cl.command.1.tlog
c:\Users\jsh2\documents\visual studio 2010\Projects\OpenIMAJGrabber\OpenIMAJGrabber\Debug\CL.read.1.tlog
c:\Users\jsh2\documents\visual studio 2010\Projects\OpenIMAJGrabber\OpenIMAJGrabber\Debug\CL.write.1.tlog
c:\Users\jsh2\documents\visual studio 2010\Projects\OpenIMAJGrabber\OpenIMAJGrabber\Debug\link.1524.read.1.tlog
c:\Users\jsh2\documents\visual studio 2010\Projects\OpenIMAJGrabber\OpenIMAJGrabber\Debug\link.1524.write.1.tlog
c:\Users\jsh2\documents\visual studio 2010\Projects\OpenIMAJGrabber\OpenIMAJGrabber\Debug\link.1524-cvtres.read.1.tlog
c:\Users\jsh2\documents\visual studio 2010\Projects\OpenIMAJGrabber\OpenIMAJGrabber\Debug\link.1524-cvtres.write.1.tlog
c:\Users\jsh2\documents\visual studio 2010\Projects\OpenIMAJGrabber\OpenIMAJGrabber\Debug\link.command.1.tlog
c:\Users\jsh2\documents\visual studio 2010\Projects\OpenIMAJGrabber\OpenIMAJGrabber\Debug\link.read.1.tlog
c:\Users\jsh2\documents\visual studio 2010\Projects\OpenIMAJGrabber\OpenIMAJGrabber\Debug\link.write.1.tlog
c:\Users\jsh2\documents\visual studio 2010\Projects\OpenIMAJGrabber\OpenIMAJGrabber\Debug\link-cvtres.read.1.tlog
c:\Users\jsh2\documents\visual studio 2010\Projects\OpenIMAJGrabber\OpenIMAJGrabber\Debug\link-cvtres.write.1.tlog
c:\Users\jsh2\documents\visual studio 2010\Projects\OpenIMAJGrabber\OpenIMAJGrabber\Debug\mt.command.1.tlog
c:\Users\jsh2\documents\visual studio 2010\Projects\OpenIMAJGrabber\OpenIMAJGrabber\Debug\mt.read.1.tlog
c:\Users\jsh2\documents\visual studio 2010\Projects\OpenIMAJGrabber\OpenIMAJGrabber\Debug\mt.write.1.tlog
C:\USERS\JSH2\DOCUMENTS\VISUAL STUDIO 2010\PROJECTS\OPENIMAJGRABBER\OPENIMAJGRABBER\DEBUG\OPENIMAJGRABBER.DLL.EMBED.MANIFEST
C:\USERS\JSH2\DOCUMENTS\VISUAL STUDIO 2010\PROJECTS\OPENIMAJGRABBER\OPENIMAJGRABBER\DEBUG\OPENIMAJGRABBER.DLL.EMBED.MANIFEST.RES
C:\USERS\JSH2\DOCUMENTS\VISUAL STUDIO 2010\PROJECTS\OPENIMAJGRABBER\OPENIMAJGRABBER\DEBUG\OPENIMAJGRABBER.DLL.INTERMEDIATE.MANIFEST
C:\USERS\JSH2\DOCUMENTS\VISUAL STUDIO 2010\PROJECTS\OPENIMAJGRABBER\OPENIMAJGRABBER\DEBUG\OPENIMAJGRABBER.OBJ
c:\Users\jsh2\documents\visual studio 2010\Projects\OpenIMAJGrabber\OpenIMAJGrabber\Debug\OpenIMAJGrabber.write.1.tlog
c:\Users\jsh2\documents\visual studio 2010\Projects\OpenIMAJGrabber\OpenIMAJGrabber\Debug\OpenIMAJGrabber_manifest.rc
c:\Users\jsh2\documents\visual studio 2010\Projects\OpenIMAJGrabber\OpenIMAJGrabber\Debug\rc.command.1.tlog
c:\Users\jsh2\documents\visual studio 2010\Projects\OpenIMAJGrabber\OpenIMAJGrabber\Debug\rc.read.1.tlog
c:\Users\jsh2\documents\visual studio 2010\Projects\OpenIMAJGrabber\OpenIMAJGrabber\Debug\rc.write.1.tlog
c:\Users\jsh2\documents\visual studio 2010\Projects\OpenIMAJGrabber\OpenIMAJGrabber\Debug\vc100.idb
C:\USERS\JSH2\DOCUMENTS\VISUAL STUDIO 2010\PROJECTS\OPENIMAJGRABBER\OPENIMAJGRABBER\DEBUG\VC100.PDB
