Build started 2/28/2013 7:09:05 PM.
Project "c:\Users\jsh2\documents\visual studio 2010\Projects\OpenIMAJGrabber\OpenIMAJGrabber\OpenIMAJGrabber.vcxproj" on node 2 (rebuild target(s)).
_PrepareForClean:
  Deleting file "Debug\OpenIMAJGrabber.lastbuildstate".
InitializeBuildStatus:
  Touching "Debug\OpenIMAJGrabber.unsuccessfulbuild".
ClCompile:
  C:\Program Files\Microsoft Visual Studio 10.0\VC\bin\CL.exe /c /ZI /nologo /W3 /WX- /Od /Oy- /D WIN32 /D _DEBUG /D _WINDOWS /D _USRDLL /D OPENIMAJGRABBER_EXPORTS /D _WINDLL /D _UNICODE /D UNICODE /Gm /EHsc /RTC1 /MDd /GS /fp:precise /Zc:wchar_t /Zc:forScope /Fo"Debug\\" /Fd"Debug\vc100.pdb" /Gd /TP /analyze- /errorReport:prompt OpenIMAJGrabber.cpp
  OpenIMAJGrabber.cpp
c:\users\jsh2\documents\visual studio 2010\projects\openimajgrabber\openimajgrabber\openimajgrabber.cpp(53): warning C4996: 'strcpy': This function or variable may be unsafe. Consider using strcpy_s instead. To disable deprecation, use _CRT_SECURE_NO_WARNINGS. See online help for details.
          c:\program files\microsoft visual studio 10.0\vc\include\string.h(105) : see declaration of 'strcpy'
c:\users\jsh2\documents\visual studio 2010\projects\openimajgrabber\openimajgrabber\openimajgrabber.cpp(54): warning C4996: 'strcpy': This function or variable may be unsafe. Consider using strcpy_s instead. To disable deprecation, use _CRT_SECURE_NO_WARNINGS. See online help for details.
          c:\program files\microsoft visual studio 10.0\vc\include\string.h(105) : see declaration of 'strcpy'
ManifestResourceCompile:
  C:\Program Files\Microsoft SDKs\Windows\v7.0A\bin\rc.exe /nologo /fo"Debug\OpenIMAJGrabber.dll.embed.manifest.res" Debug\OpenIMAJGrabber_manifest.rc 
Link:
  C:\Program Files\Microsoft Visual Studio 10.0\VC\bin\link.exe /ERRORREPORT:PROMPT /OUT:"c:\users\jsh2\documents\visual studio 2010\Projects\OpenIMAJGrabber\Debug\OpenIMAJGrabber.dll" /INCREMENTAL /NOLOGO /LIBPATH:lib/x86 videoInput.lib /NODEFAULTLIB:atlthunk.lib /MANIFEST /ManifestFile:"Debug\OpenIMAJGrabber.dll.intermediate.manifest" /MANIFESTUAC:"level='asInvoker' uiAccess='false'" /DEBUG /PDB:"c:\users\jsh2\documents\visual studio 2010\Projects\OpenIMAJGrabber\Debug\OpenIMAJGrabber.pdb" /SUBSYSTEM:WINDOWS /TLBID:1 /DYNAMICBASE /NXCOMPAT /IMPLIB:"c:\users\jsh2\documents\visual studio 2010\Projects\OpenIMAJGrabber\Debug\OpenIMAJGrabber.lib" /MACHINE:X86 /DLL Debug\OpenIMAJGrabber.dll.embed.manifest.res
  Debug\OpenIMAJGrabber.obj
     Creating library c:\users\jsh2\documents\visual studio 2010\Projects\OpenIMAJGrabber\Debug\OpenIMAJGrabber.lib and object c:\users\jsh2\documents\visual studio 2010\Projects\OpenIMAJGrabber\Debug\OpenIMAJGrabber.exp
LINK : warning LNK4098: defaultlib 'LIBCMT' conflicts with use of other libs; use /NODEFAULTLIB:library
videoInput.lib(videoInput.obj) : warning LNK4099: PDB 'vc90.pdb' was not found with 'videoInput.lib(videoInput.obj)' or at 'c:\users\jsh2\documents\visual studio 2010\Projects\OpenIMAJGrabber\Debug\vc90.pdb'; linking object as if no debug info
Manifest:
  Deleting file "Debug\OpenIMAJGrabber.dll.embed.manifest".
  C:\Program Files\Microsoft SDKs\Windows\v7.0A\bin\mt.exe /nologo /verbose /out:"Debug\OpenIMAJGrabber.dll.embed.manifest" /manifest Debug\OpenIMAJGrabber.dll.intermediate.manifest
  C:\Program Files\Microsoft SDKs\Windows\v7.0A\bin\rc.exe /nologo /fo"Debug\OpenIMAJGrabber.dll.embed.manifest.res" Debug\OpenIMAJGrabber_manifest.rc 
LinkEmbedManifest:
  C:\Program Files\Microsoft Visual Studio 10.0\VC\bin\link.exe /ERRORREPORT:PROMPT /OUT:"c:\users\jsh2\documents\visual studio 2010\Projects\OpenIMAJGrabber\Debug\OpenIMAJGrabber.dll" /INCREMENTAL /NOLOGO /LIBPATH:lib/x86 videoInput.lib /NODEFAULTLIB:atlthunk.lib /MANIFEST /ManifestFile:"Debug\OpenIMAJGrabber.dll.intermediate.manifest" /MANIFESTUAC:"level='asInvoker' uiAccess='false'" /DEBUG /PDB:"c:\users\jsh2\documents\visual studio 2010\Projects\OpenIMAJGrabber\Debug\OpenIMAJGrabber.pdb" /SUBSYSTEM:WINDOWS /TLBID:1 /DYNAMICBASE /NXCOMPAT /IMPLIB:"c:\users\jsh2\documents\visual studio 2010\Projects\OpenIMAJGrabber\Debug\OpenIMAJGrabber.lib" /MACHINE:X86 /DLL Debug\OpenIMAJGrabber.dll.embed.manifest.res
  Debug\OpenIMAJGrabber.obj
     Creating library c:\users\jsh2\documents\visual studio 2010\Projects\OpenIMAJGrabber\Debug\OpenIMAJGrabber.lib and object c:\users\jsh2\documents\visual studio 2010\Projects\OpenIMAJGrabber\Debug\OpenIMAJGrabber.exp
LINK : warning LNK4098: defaultlib 'LIBCMT' conflicts with use of other libs; use /NODEFAULTLIB:library
videoInput.lib(videoInput.obj) : warning LNK4099: PDB 'vc90.pdb' was not found with 'videoInput.lib(videoInput.obj)' or at 'c:\users\jsh2\documents\visual studio 2010\Projects\OpenIMAJGrabber\Debug\vc90.pdb'; linking object as if no debug info
  OpenIMAJGrabber.vcxproj -> c:\users\jsh2\documents\visual studio 2010\Projects\OpenIMAJGrabber\Debug\OpenIMAJGrabber.dll
FinalizeBuildStatus:
  Deleting file "Debug\OpenIMAJGrabber.unsuccessfulbuild".
  Touching "Debug\OpenIMAJGrabber.lastbuildstate".
Done Building Project "c:\Users\jsh2\documents\visual studio 2010\Projects\OpenIMAJGrabber\OpenIMAJGrabber\OpenIMAJGrabber.vcxproj" (rebuild target(s)).

Build succeeded.

Time Elapsed 00:00:03.84
