Build started 3/1/2013 1:58:05 PM.
Project "C:\Users\jsh2\Documents\Visual Studio 2010\Projects\OpenIMAJGrabber\OpenIMAJGrabber\OpenIMAJGrabber.vcxproj" on node 2 (build target(s)).
PrepareForBuild:
  Creating directory "C:\Users\jsh2\Documents\Visual Studio 2010\Projects\OpenIMAJGrabber\Release\".
InitializeBuildStatus:
  Creating "Release\OpenIMAJGrabber.unsuccessfulbuild" because "AlwaysCreate" was specified.
ClCompile:
  c:\Program Files\Microsoft Visual Studio 10.0\VC\bin\CL.exe /c /Zi /nologo /W3 /WX- /O2 /Oi /Oy- /GL /D WIN32 /D NDEBUG /D _WINDOWS /D _USRDLL /D OPENIMAJGRABBER_EXPORTS /D _WINDLL /D _UNICODE /D UNICODE /Gm- /EHsc /MD /GS /Gy /fp:precise /Zc:wchar_t /Zc:forScope /Fo"Release\\" /Fd"Release\vc100.pdb" /Gd /TP /analyze- /errorReport:prompt OpenIMAJGrabber.cpp
  OpenIMAJGrabber.cpp
OpenIMAJGrabber.cpp(53): warning C4996: 'strcpy': This function or variable may be unsafe. Consider using strcpy_s instead. To disable deprecation, use _CRT_SECURE_NO_WARNINGS. See online help for details.
          c:\Program Files\Microsoft Visual Studio 10.0\VC\include\string.h(105) : see declaration of 'strcpy'
OpenIMAJGrabber.cpp(54): warning C4996: 'strcpy': This function or variable may be unsafe. Consider using strcpy_s instead. To disable deprecation, use _CRT_SECURE_NO_WARNINGS. See online help for details.
          c:\Program Files\Microsoft Visual Studio 10.0\VC\include\string.h(105) : see declaration of 'strcpy'
Link:
  c:\Program Files\Microsoft Visual Studio 10.0\VC\bin\link.exe /ERRORREPORT:PROMPT /OUT:"C:\Users\jsh2\Documents\Visual Studio 2010\Projects\OpenIMAJGrabber\Release\OpenIMAJGrabber.dll" /INCREMENTAL:NO /NOLOGO /LIBPATH:lib/x86 videoInput.lib /NODEFAULTLIB:atlthunk.lib /MANIFEST /ManifestFile:"Release\OpenIMAJGrabber.dll.intermediate.manifest" /MANIFESTUAC:"level='asInvoker' uiAccess='false'" /DEBUG /PDB:"C:\Users\jsh2\Documents\Visual Studio 2010\Projects\OpenIMAJGrabber\Release\OpenIMAJGrabber.pdb" /SUBSYSTEM:WINDOWS /OPT:REF /OPT:ICF /LTCG /TLBID:1 /DYNAMICBASE /NXCOMPAT /IMPLIB:"C:\Users\jsh2\Documents\Visual Studio 2010\Projects\OpenIMAJGrabber\Release\OpenIMAJGrabber.lib" /MACHINE:X86 /DLL Release\OpenIMAJGrabber.obj
     Creating library C:\Users\jsh2\Documents\Visual Studio 2010\Projects\OpenIMAJGrabber\Release\OpenIMAJGrabber.lib and object C:\Users\jsh2\Documents\Visual Studio 2010\Projects\OpenIMAJGrabber\Release\OpenIMAJGrabber.exp
LINK : warning LNK4098: defaultlib 'LIBCMT' conflicts with use of other libs; use /NODEFAULTLIB:library
  Generating code
  Finished generating code
videoInput.lib(videoInput.obj) : warning LNK4099: PDB 'vc90.pdb' was not found with 'videoInput.lib(videoInput.obj)' or at 'C:\Users\jsh2\Documents\Visual Studio 2010\Projects\OpenIMAJGrabber\Release\vc90.pdb'; linking object as if no debug info
  OpenIMAJGrabber.vcxproj -> C:\Users\jsh2\Documents\Visual Studio 2010\Projects\OpenIMAJGrabber\Release\OpenIMAJGrabber.dll
Manifest:
  C:\Program Files\Microsoft SDKs\Windows\v7.0A\bin\mt.exe /nologo /verbose /outputresource:"C:\Users\jsh2\Documents\Visual Studio 2010\Projects\OpenIMAJGrabber\Release\OpenIMAJGrabber.dll;#2" /manifest Release\OpenIMAJGrabber.dll.intermediate.manifest
FinalizeBuildStatus:
  Deleting file "Release\OpenIMAJGrabber.unsuccessfulbuild".
  Touching "Release\OpenIMAJGrabber.lastbuildstate".
Done Building Project "C:\Users\jsh2\Documents\Visual Studio 2010\Projects\OpenIMAJGrabber\OpenIMAJGrabber\OpenIMAJGrabber.vcxproj" (build target(s)).

Build succeeded.

Time Elapsed 00:00:04.35
